<?xml version="1.0" encoding="UTF-8"?>
<!-- Generated by org.testng.reporters.JUnitReportReporter -->
<testsuite hostname="DESKTOP-DA0G4CT" failures="0" tests="1" name="ServiceBase_Testing.ECommerce_Domain_TestClasses.Testclass1" time="15.508" errors="0" timestamp="2022-12-05T10:16:33 IST" skipped="0">
  <testcase classname="ServiceBase_Testing.ECommerce_Domain_TestClasses.Testclass1" name="userValidation" time="15.508"/>
  <system-out/>
</testsuite> <!-- ServiceBase_Testing.ECommerce_Domain_TestClasses.Testclass1 -->
